mode: set
github.com/julioisaac/daxxer-api/src/helpers/utils/decimal-maths.go:7.27,9.2 1 1
github.com/julioisaac/daxxer-api/src/helpers/utils/decimal-maths.go:11.52,13.2 1 1
github.com/julioisaac/daxxer-api/src/helpers/utils/decimal-maths.go:15.53,17.2 1 1
github.com/julioisaac/daxxer-api/src/helpers/utils/decimal-maths.go:19.52,21.2 1 1
github.com/julioisaac/daxxer-api/src/wallet/account/entity/account.go:17.87,18.53 1 1
github.com/julioisaac/daxxer-api/src/wallet/account/entity/account.go:22.2,22.30 1 1
github.com/julioisaac/daxxer-api/src/wallet/account/entity/account.go:36.2,37.21 2 1
github.com/julioisaac/daxxer-api/src/wallet/account/entity/account.go:18.53,21.3 2 1
github.com/julioisaac/daxxer-api/src/wallet/account/entity/account.go:22.30,23.40 1 1
github.com/julioisaac/daxxer-api/src/wallet/account/entity/account.go:23.40,24.39 1 1
github.com/julioisaac/daxxer-api/src/wallet/account/entity/account.go:24.39,25.39 1 1
github.com/julioisaac/daxxer-api/src/wallet/account/entity/account.go:25.39,27.6 1 1
github.com/julioisaac/daxxer-api/src/wallet/account/entity/account.go:29.9,31.4 1 1
github.com/julioisaac/daxxer-api/src/wallet/account/entity/account.go:32.8,34.3 1 1
github.com/julioisaac/daxxer-api/src/wallet/account/entity/account.go:40.88,41.53 1 1
github.com/julioisaac/daxxer-api/src/wallet/account/entity/account.go:45.2,45.30 1 1
github.com/julioisaac/daxxer-api/src/wallet/account/entity/account.go:66.2,67.21 2 1
github.com/julioisaac/daxxer-api/src/wallet/account/entity/account.go:41.53,44.3 2 1
github.com/julioisaac/daxxer-api/src/wallet/account/entity/account.go:45.30,46.40 1 1
github.com/julioisaac/daxxer-api/src/wallet/account/entity/account.go:46.40,47.39 1 1
github.com/julioisaac/daxxer-api/src/wallet/account/entity/account.go:47.39,48.39 1 1
github.com/julioisaac/daxxer-api/src/wallet/account/entity/account.go:48.39,49.49 1 1
github.com/julioisaac/daxxer-api/src/wallet/account/entity/account.go:54.6,54.97 1 1
github.com/julioisaac/daxxer-api/src/wallet/account/entity/account.go:49.49,53.7 3 1
github.com/julioisaac/daxxer-api/src/wallet/account/entity/account.go:57.9,60.4 2 1
github.com/julioisaac/daxxer-api/src/wallet/account/entity/account.go:61.8,64.3 2 1
github.com/julioisaac/daxxer-api/src/wallet/account/entity/account.go:70.56,71.41 1 1
github.com/julioisaac/daxxer-api/src/wallet/account/entity/account.go:76.2,76.14 1 1
github.com/julioisaac/daxxer-api/src/wallet/account/entity/account.go:71.41,72.34 1 1
github.com/julioisaac/daxxer-api/src/wallet/account/entity/account.go:72.34,74.4 1 1
github.com/julioisaac/daxxer-api/src/wallet/prices/utils/util.go:16.19,18.2 1 1
github.com/julioisaac/daxxer-api/src/wallet/prices/utils/util.go:20.95,22.34 2 1
github.com/julioisaac/daxxer-api/src/wallet/prices/utils/util.go:32.2,32.36 1 1
github.com/julioisaac/daxxer-api/src/wallet/prices/utils/util.go:22.34,26.17 4 1
github.com/julioisaac/daxxer-api/src/wallet/prices/utils/util.go:30.3,30.51 1 1
github.com/julioisaac/daxxer-api/src/wallet/prices/utils/util.go:26.17,29.4 2 0
github.com/julioisaac/daxxer-api/src/wallet/prices/utils/util.go:35.107,42.2 1 0
github.com/julioisaac/daxxer-api/src/wallet/prices/service/prices-service.go:20.73,22.2 1 0
github.com/julioisaac/daxxer-api/src/wallet/prices/service/prices-service.go:24.77,26.23 2 0
github.com/julioisaac/daxxer-api/src/wallet/prices/service/prices-service.go:30.2,30.25 1 0
github.com/julioisaac/daxxer-api/src/wallet/prices/service/prices-service.go:26.23,29.3 2 0
github.com/julioisaac/daxxer-api/src/wallet/prices/service/api-service.go:28.120,30.2 1 1
github.com/julioisaac/daxxer-api/src/wallet/prices/service/api-service.go:32.56,35.104 3 1
github.com/julioisaac/daxxer-api/src/wallet/prices/service/api-service.go:40.2,42.16 3 1
github.com/julioisaac/daxxer-api/src/wallet/prices/service/api-service.go:46.2,46.32 1 1
github.com/julioisaac/daxxer-api/src/wallet/prices/service/api-service.go:58.2,58.12 1 1
github.com/julioisaac/daxxer-api/src/wallet/prices/service/api-service.go:35.104,38.3 2 1
github.com/julioisaac/daxxer-api/src/wallet/prices/service/api-service.go:42.16,44.3 1 1
github.com/julioisaac/daxxer-api/src/wallet/prices/service/api-service.go:46.32,52.18 4 1
github.com/julioisaac/daxxer-api/src/wallet/prices/service/api-service.go:52.18,56.4 3 0
github.com/julioisaac/daxxer-api/src/wallet/account/service/account-service.go:33.122,35.2 1 1
github.com/julioisaac/daxxer-api/src/wallet/account/service/account-service.go:37.85,41.34 4 1
github.com/julioisaac/daxxer-api/src/wallet/account/service/account-service.go:46.2,46.43 1 1
github.com/julioisaac/daxxer-api/src/wallet/account/service/account-service.go:41.34,45.3 3 1
github.com/julioisaac/daxxer-api/src/wallet/account/service/account-service.go:49.94,53.16 4 1
github.com/julioisaac/daxxer-api/src/wallet/account/service/account-service.go:58.2,62.17 5 1
github.com/julioisaac/daxxer-api/src/wallet/account/service/account-service.go:66.2,67.17 2 1
github.com/julioisaac/daxxer-api/src/wallet/account/service/account-service.go:71.2,71.12 1 1
github.com/julioisaac/daxxer-api/src/wallet/account/service/account-service.go:53.16,56.3 2 1
github.com/julioisaac/daxxer-api/src/wallet/account/service/account-service.go:62.17,65.3 2 1
github.com/julioisaac/daxxer-api/src/wallet/account/service/account-service.go:67.17,70.3 2 0
github.com/julioisaac/daxxer-api/src/wallet/account/service/account-service.go:74.95,79.16 5 1
github.com/julioisaac/daxxer-api/src/wallet/account/service/account-service.go:83.2,84.17 2 1
github.com/julioisaac/daxxer-api/src/wallet/account/service/account-service.go:89.2,89.12 1 1
github.com/julioisaac/daxxer-api/src/wallet/account/service/account-service.go:79.16,82.3 2 1
github.com/julioisaac/daxxer-api/src/wallet/account/service/account-service.go:84.17,87.3 2 0
github.com/julioisaac/daxxer-api/src/wallet/account/service/account-service.go:92.151,98.2 5 1
github.com/julioisaac/daxxer-api/src/wallet/account/service/account-service.go:100.89,104.16 4 1
github.com/julioisaac/daxxer-api/src/wallet/account/service/account-service.go:109.2,110.41 2 1
github.com/julioisaac/daxxer-api/src/wallet/account/service/account-service.go:118.2,120.50 2 1
github.com/julioisaac/daxxer-api/src/wallet/account/service/account-service.go:104.16,107.3 2 1
github.com/julioisaac/daxxer-api/src/wallet/account/service/account-service.go:110.41,117.3 6 1
github.com/julioisaac/daxxer-api/src/wallet/account/service/account-service.go:123.175,125.16 2 1
github.com/julioisaac/daxxer-api/src/wallet/account/service/account-service.go:128.2,133.17 4 1
github.com/julioisaac/daxxer-api/src/wallet/account/service/account-service.go:136.2,137.17 2 1
github.com/julioisaac/daxxer-api/src/wallet/account/service/account-service.go:140.2,140.12 1 1
github.com/julioisaac/daxxer-api/src/wallet/account/service/account-service.go:125.16,127.3 1 0
github.com/julioisaac/daxxer-api/src/wallet/account/service/account-service.go:133.17,135.3 1 0
github.com/julioisaac/daxxer-api/src/wallet/account/service/account-service.go:137.17,139.3 1 0
github.com/julioisaac/daxxer-api/src/wallet/account/service/account-service.go:143.98,145.16 2 1
github.com/julioisaac/daxxer-api/src/wallet/account/service/account-service.go:149.2,149.12 1 1
github.com/julioisaac/daxxer-api/src/wallet/account/service/account-service.go:145.16,148.3 2 0
github.com/julioisaac/daxxer-api/src/wallet/account/service/account-service.go:152.67,159.2 1 1
github.com/julioisaac/daxxer-api/src/wallet/account/service/account-service.go:161.71,163.35 2 1
github.com/julioisaac/daxxer-api/src/wallet/account/service/account-service.go:172.2,172.14 1 1
github.com/julioisaac/daxxer-api/src/wallet/account/service/account-service.go:163.35,164.55 1 1
github.com/julioisaac/daxxer-api/src/wallet/account/service/account-service.go:164.55,165.38 1 1
github.com/julioisaac/daxxer-api/src/wallet/account/service/account-service.go:165.38,167.5 1 0
github.com/julioisaac/daxxer-api/src/wallet/account/service/account-service.go:167.10,169.5 1 1
github.com/julioisaac/daxxer-api/src/wallet/account/service/account-service.go:175.97,177.42 2 1
github.com/julioisaac/daxxer-api/src/wallet/account/service/account-service.go:180.2,180.24 1 1
github.com/julioisaac/daxxer-api/src/wallet/account/service/account-service.go:177.42,179.3 1 1
github.com/julioisaac/daxxer-api/src/wallet/account/service/account-service.go:183.129,192.2 1 1
github.com/julioisaac/daxxer-api/src/wallet/account/service/account-service.go:194.111,200.2 1 1
github.com/julioisaac/daxxer-api/src/wallet/currencies/service/crypto-currency-service.go:25.81,27.2 1 1
github.com/julioisaac/daxxer-api/src/wallet/currencies/service/crypto-currency-service.go:29.92,30.21 1 0
github.com/julioisaac/daxxer-api/src/wallet/currencies/service/crypto-currency-service.go:35.2,35.25 1 0
github.com/julioisaac/daxxer-api/src/wallet/currencies/service/crypto-currency-service.go:40.2,40.12 1 0
github.com/julioisaac/daxxer-api/src/wallet/currencies/service/crypto-currency-service.go:30.21,34.3 3 0
github.com/julioisaac/daxxer-api/src/wallet/currencies/service/crypto-currency-service.go:35.25,39.3 3 0
github.com/julioisaac/daxxer-api/src/wallet/currencies/service/crypto-currency-service.go:43.90,49.16 4 1
github.com/julioisaac/daxxer-api/src/wallet/currencies/service/crypto-currency-service.go:52.2,52.12 1 1
github.com/julioisaac/daxxer-api/src/wallet/currencies/service/crypto-currency-service.go:49.16,51.3 1 0
github.com/julioisaac/daxxer-api/src/wallet/currencies/service/crypto-currency-service.go:55.98,60.16 4 1
github.com/julioisaac/daxxer-api/src/wallet/currencies/service/crypto-currency-service.go:63.2,63.21 1 1
github.com/julioisaac/daxxer-api/src/wallet/currencies/service/crypto-currency-service.go:60.16,62.3 1 0
github.com/julioisaac/daxxer-api/src/wallet/currencies/service/crypto-currency-service.go:66.70,70.2 3 1
github.com/julioisaac/daxxer-api/src/wallet/currencies/service/crypto-currency-service.go:72.79,75.2 2 1
github.com/julioisaac/daxxer-api/src/wallet/currencies/service/currency-service.go:25.79,27.2 1 1
github.com/julioisaac/daxxer-api/src/wallet/currencies/service/currency-service.go:29.90,30.23 1 0
github.com/julioisaac/daxxer-api/src/wallet/currencies/service/currency-service.go:35.2,35.25 1 0
github.com/julioisaac/daxxer-api/src/wallet/currencies/service/currency-service.go:40.2,40.12 1 0
github.com/julioisaac/daxxer-api/src/wallet/currencies/service/currency-service.go:30.23,34.3 3 0
github.com/julioisaac/daxxer-api/src/wallet/currencies/service/currency-service.go:35.25,39.3 3 0
github.com/julioisaac/daxxer-api/src/wallet/currencies/service/currency-service.go:43.88,49.16 4 1
github.com/julioisaac/daxxer-api/src/wallet/currencies/service/currency-service.go:52.2,52.12 1 1
github.com/julioisaac/daxxer-api/src/wallet/currencies/service/currency-service.go:49.16,51.3 1 0
github.com/julioisaac/daxxer-api/src/wallet/currencies/service/currency-service.go:55.94,60.16 4 1
github.com/julioisaac/daxxer-api/src/wallet/currencies/service/currency-service.go:63.2,63.23 1 1
github.com/julioisaac/daxxer-api/src/wallet/currencies/service/currency-service.go:60.16,62.3 1 0
github.com/julioisaac/daxxer-api/src/wallet/currencies/service/currency-service.go:66.72,70.2 3 1
github.com/julioisaac/daxxer-api/src/wallet/currencies/service/currency-service.go:72.81,75.2 2 1
